<?xml version="1.0" encoding="UTF-8"?>
<testng-results skipped="0" failed="0" ignored="0" total="1" passed="1">
  <reporter-output>
  </reporter-output>
  <suite name="features.TestNGRunner" duration-ms="21523" started-at="2018-05-07T06:06:58Z" finished-at="2018-05-07T06:07:19Z">
    <groups>
      <group name="cucumber">
        <method signature="AbstractTestNGCucumberTests.feature(cucumber.api.testng.CucumberFeatureWrapper)[pri:0, instance:features.TestNGRunner@204f30ec]" name="feature" class="cucumber.api.testng.AbstractTestNGCucumberTests"/>
      </group> <!-- cucumber -->
    </groups>
    <test name="Command line test" duration-ms="21523" started-at="2018-05-07T06:06:58Z" finished-at="2018-05-07T06:07:19Z">
      <class name="features.TestNGRunner">
        <test-method status="PASS" signature="setUpClass()[pri:0, instance:features.TestNGRunner@204f30ec]" name="setUpClass" is-config="true" duration-ms="314" started-at="2018-05-07T06:06:58Z" finished-at="2018-05-07T06:06:58Z">
          <reporter-output>
          </reporter-output>
        </test-method> <!-- setUpClass -->
        <test-method status="PASS" signature="feature(cucumber.api.testng.CucumberFeatureWrapper)[pri:0, instance:features.TestNGRunner@204f30ec]" name="feature" duration-ms="20865" started-at="2018-05-07T06:06:58Z" description="Runs Cucumber Feature" data-provider="features" finished-at="2018-05-07T06:07:19Z">
          <params>
            <param index="0">
              <value>
                <![CDATA[Open application]]>
              </value>
            </param>
          </params>
          <reporter-output>
          </reporter-output>
        </test-method> <!-- feature -->
        <test-method status="PASS" signature="tearDownClass()[pri:0, instance:features.TestNGRunner@204f30ec]" name="tearDownClass" is-config="true" duration-ms="185" started-at="2018-05-07T06:07:19Z" finished-at="2018-05-07T06:07:19Z">
          <reporter-output>
          </reporter-output>
        </test-method> <!-- tearDownClass -->
      </class> <!-- features.TestNGRunner -->
    </test> <!-- Command line test -->
  </suite> <!-- features.TestNGRunner -->
</testng-results>
